{"C:\\workspace\\my-expenses-api\\src\\app\\Routes\\CategoryRouter.ts": {"path":"C:\\workspace\\my-expenses-api\\src\\app\\Routes\\CategoryRouter.ts","statementMap":{"0":{"start":{"line":5,"column":0},"end":{"line":5,"column":59}},"1":{"start":{"line":10,"column":11},"end":{"line":10,"column":30}},"2":{"start":{"line":16,"column":4},"end":{"line":16,"column":31}},"3":{"start":{"line":17,"column":4},"end":{"line":17,"column":64}},"4":{"start":{"line":21,"column":4},"end":{"line":21,"column":68}},"5":{"start":{"line":25,"column":4},"end":{"line":25,"column":55}},"6":{"start":{"line":29,"column":4},"end":{"line":29,"column":55}},"7":{"start":{"line":33,"column":4},"end":{"line":33,"column":64}},"8":{"start":{"line":38,"column":4},"end":{"line":55,"column":6}},"9":{"start":{"line":44,"column":25},"end":{"line":54,"column":null}},"10":{"start":{"line":45,"column":8},"end":{"line":53,"column":null}},"11":{"start":{"line":46,"column":21},"end":{"line":46,"column":34}},"12":{"start":{"line":47,"column":29},"end":{"line":47,"column":55}},"13":{"start":{"line":48,"column":10},"end":{"line":48,"column":32}},"14":{"start":{"line":50,"column":10},"end":{"line":50,"column":24}},"15":{"start":{"line":52,"column":10},"end":{"line":52,"column":62}},"16":{"start":{"line":58,"column":4},"end":{"line":74,"column":6}},"17":{"start":{"line":64,"column":25},"end":{"line":73,"column":null}},"18":{"start":{"line":65,"column":8},"end":{"line":72,"column":null}},"19":{"start":{"line":66,"column":29},"end":{"line":66,"column":55}},"20":{"start":{"line":67,"column":10},"end":{"line":67,"column":32}},"21":{"start":{"line":69,"column":10},"end":{"line":69,"column":24}},"22":{"start":{"line":71,"column":10},"end":{"line":71,"column":62}},"23":{"start":{"line":76,"column":4},"end":{"line":92,"column":6}},"24":{"start":{"line":82,"column":25},"end":{"line":91,"column":null}},"25":{"start":{"line":83,"column":8},"end":{"line":90,"column":null}},"26":{"start":{"line":84,"column":25},"end":{"line":84,"column":60}},"27":{"start":{"line":85,"column":10},"end":{"line":85,"column":28}},"28":{"start":{"line":87,"column":10},"end":{"line":87,"column":24}},"29":{"start":{"line":89,"column":10},"end":{"line":89,"column":30}},"30":{"start":{"line":94,"column":4},"end":{"line":112,"column":6}},"31":{"start":{"line":100,"column":25},"end":{"line":111,"column":null}},"32":{"start":{"line":101,"column":8},"end":{"line":110,"column":null}},"33":{"start":{"line":102,"column":27},"end":{"line":102,"column":46}},"34":{"start":{"line":104,"column":25},"end":{"line":104,"column":60}},"35":{"start":{"line":105,"column":10},"end":{"line":105,"column":28}},"36":{"start":{"line":107,"column":10},"end":{"line":107,"column":24}},"37":{"start":{"line":109,"column":10},"end":{"line":109,"column":30}},"38":{"start":{"line":9,"column":0},"end":{"line":9,"column":21}}},"fnMap":{"0":{"name":"(anonymous_8)","decl":{"start":{"line":15,"column":2},"end":{"line":15,"column":14}},"loc":{"start":{"line":15,"column":35},"end":{"line":18,"column":3}}},"1":{"name":"(anonymous_9)","decl":{"start":{"line":20,"column":8},"end":{"line":20,"column":22}},"loc":{"start":{"line":20,"column":56},"end":{"line":22,"column":null}}},"2":{"name":"(anonymous_11)","decl":{"start":{"line":24,"column":8},"end":{"line":24,"column":19}},"loc":{"start":{"line":24,"column":30},"end":{"line":26,"column":null}}},"3":{"name":"(anonymous_13)","decl":{"start":{"line":28,"column":8},"end":{"line":28,"column":21}},"loc":{"start":{"line":28,"column":21},"end":{"line":30,"column":null}}},"4":{"name":"(anonymous_15)","decl":{"start":{"line":32,"column":8},"end":{"line":32,"column":22}},"loc":{"start":{"line":32,"column":39},"end":{"line":34,"column":null}}},"5":{"name":"(anonymous_17)","decl":{"start":{"line":37,"column":2},"end":{"line":37,"column":10}},"loc":{"start":{"line":37,"column":25},"end":{"line":113,"column":3}}},"6":{"name":"(anonymous_18)","decl":{"start":{"line":40,"column":6},"end":{"line":40,"column":null}},"loc":{"start":{"line":44,"column":25},"end":{"line":54,"column":null}}},"7":{"name":"(anonymous_19)","decl":{"start":{"line":44,"column":25},"end":{"line":44,"column":null}},"loc":{"start":{"line":44,"column":25},"end":{"line":54,"column":7}}},"8":{"name":"(anonymous_20)","decl":{"start":{"line":60,"column":6},"end":{"line":60,"column":null}},"loc":{"start":{"line":64,"column":25},"end":{"line":73,"column":null}}},"9":{"name":"(anonymous_21)","decl":{"start":{"line":64,"column":25},"end":{"line":64,"column":null}},"loc":{"start":{"line":64,"column":25},"end":{"line":73,"column":7}}},"10":{"name":"(anonymous_22)","decl":{"start":{"line":78,"column":6},"end":{"line":78,"column":null}},"loc":{"start":{"line":82,"column":25},"end":{"line":91,"column":null}}},"11":{"name":"(anonymous_23)","decl":{"start":{"line":82,"column":25},"end":{"line":82,"column":null}},"loc":{"start":{"line":82,"column":25},"end":{"line":91,"column":7}}},"12":{"name":"(anonymous_24)","decl":{"start":{"line":96,"column":6},"end":{"line":96,"column":null}},"loc":{"start":{"line":100,"column":25},"end":{"line":111,"column":null}}},"13":{"name":"(anonymous_25)","decl":{"start":{"line":100,"column":25},"end":{"line":100,"column":null}},"loc":{"start":{"line":100,"column":25},"end":{"line":111,"column":7}}}},"branchMap":{},"s":{"0":2,"1":3,"2":3,"3":3,"4":3,"5":0,"6":0,"7":0,"8":0,"9":0,"10":0,"11":0,"12":0,"13":0,"14":0,"15":0,"16":0,"17":0,"18":0,"19":0,"20":0,"21":0,"22":0,"23":0,"24":0,"25":0,"26":0,"27":0,"28":0,"29":0,"30":0,"31":0,"32":0,"33":0,"34":0,"35":0,"36":0,"37":0,"38":2},"f":{"0":3,"1":3,"2":0,"3":0,"4":0,"5":0,"6":0,"7":0,"8":0,"9":0,"10":0,"11":0,"12":0,"13":0},"b":{}}
,"C:\\workspace\\my-expenses-api\\src\\domain\\dtos\\category\\CategoryDTO.ts": {"path":"C:\\workspace\\my-expenses-api\\src\\domain\\dtos\\category\\CategoryDTO.ts","statementMap":{"0":{"start":{"line":5,"column":4},"end":{"line":5,"column":35}},"1":{"start":{"line":1,"column":0},"end":{"line":1,"column":21}}},"fnMap":{"0":{"name":"(anonymous_0)","decl":{"start":{"line":4,"column":2},"end":{"line":4,"column":14}},"loc":{"start":{"line":4,"column":33},"end":{"line":6,"column":3}}}},"branchMap":{},"s":{"0":3,"1":2},"f":{"0":3},"b":{}}
,"C:\\workspace\\my-expenses-api\\src\\domain\\entities\\Category.ts": {"path":"C:\\workspace\\my-expenses-api\\src\\domain\\entities\\Category.ts","statementMap":{"0":{"start":{"line":1,"column":0},"end":{"line":1,"column":38}},"1":{"start":{"line":7,"column":4},"end":{"line":7,"column":12}},"2":{"start":{"line":8,"column":4},"end":{"line":8,"column":35}},"3":{"start":{"line":3,"column":0},"end":{"line":3,"column":21}}},"fnMap":{"0":{"name":"(anonymous_1)","decl":{"start":{"line":6,"column":2},"end":{"line":6,"column":14}},"loc":{"start":{"line":6,"column":33},"end":{"line":9,"column":3}}}},"branchMap":{},"s":{"0":2,"1":2,"2":2,"3":2},"f":{"0":2},"b":{}}
,"C:\\workspace\\my-expenses-api\\src\\domain\\entities\\EntityBase.ts": {"path":"C:\\workspace\\my-expenses-api\\src\\domain\\entities\\EntityBase.ts","statementMap":{"0":{"start":{"line":1,"column":0},"end":{"line":1,"column":36}},"1":{"start":{"line":4,"column":2},"end":{"line":4,"column":19}},"2":{"start":{"line":7,"column":4},"end":{"line":7,"column":30}},"3":{"start":{"line":3,"column":0},"end":{"line":3,"column":21}}},"fnMap":{"0":{"name":"(anonymous_0)","decl":{"start":{"line":6,"column":2},"end":{"line":6,"column":14}},"loc":{"start":{"line":6,"column":25},"end":{"line":8,"column":3}}}},"branchMap":{"0":{"loc":{"start":{"line":7,"column":15},"end":{"line":7,"column":17}},"type":"binary-expr","locations":[{"start":{"line":7,"column":15},"end":{"line":7,"column":17}},{"start":{"line":7,"column":21},"end":{"line":7,"column":29}}]}},"s":{"0":2,"1":2,"2":2,"3":2},"f":{"0":2},"b":{"0":[2,2]}}
,"C:\\workspace\\my-expenses-api\\src\\infra\\database\\repositories\\CategoryRepository.ts": {"path":"C:\\workspace\\my-expenses-api\\src\\infra\\database\\repositories\\CategoryRepository.ts","statementMap":{"0":{"start":{"line":3,"column":0},"end":{"line":3,"column":48}},"1":{"start":{"line":8,"column":4},"end":{"line":8,"column":35}},"2":{"start":{"line":5,"column":0},"end":{"line":5,"column":13}}},"fnMap":{"0":{"name":"(anonymous_1)","decl":{"start":{"line":7,"column":2},"end":{"line":7,"column":14}},"loc":{"start":{"line":7,"column":35},"end":{"line":9,"column":3}}}},"branchMap":{},"s":{"0":2,"1":3,"2":2},"f":{"0":3},"b":{}}
,"C:\\workspace\\my-expenses-api\\src\\infra\\database\\repositories\\MongoRepository.ts": {"path":"C:\\workspace\\my-expenses-api\\src\\infra\\database\\repositories\\MongoRepository.ts","statementMap":{"0":{"start":{"line":1,"column":0},"end":{"line":1,"column":60}},"1":{"start":{"line":13,"column":4},"end":{"line":13,"column":32}},"2":{"start":{"line":14,"column":4},"end":{"line":14,"column":64}},"3":{"start":{"line":17,"column":4},"end":{"line":17,"column":47}},"4":{"start":{"line":21,"column":19},"end":{"line":21,"column":57}},"5":{"start":{"line":23,"column":4},"end":{"line":23,"column":30}},"6":{"start":{"line":27,"column":19},"end":{"line":27,"column":83}},"7":{"start":{"line":29,"column":4},"end":{"line":29,"column":30}},"8":{"start":{"line":33,"column":19},"end":{"line":33,"column":76}},"9":{"start":{"line":35,"column":4},"end":{"line":35,"column":30}},"10":{"start":{"line":38,"column":19},"end":{"line":38,"column":56}},"11":{"start":{"line":39,"column":4},"end":{"line":39,"column":null}},"12":{"start":{"line":43,"column":19},"end":{"line":43,"column":78}},"13":{"start":{"line":45,"column":4},"end":{"line":45,"column":18}},"14":{"start":{"line":8,"column":0},"end":{"line":8,"column":30}}},"fnMap":{"0":{"name":"(anonymous_7)","decl":{"start":{"line":12,"column":2},"end":{"line":12,"column":14}},"loc":{"start":{"line":12,"column":59},"end":{"line":15,"column":3}}},"1":{"name":"(anonymous_8)","decl":{"start":{"line":16,"column":2},"end":{"line":16,"column":9}},"loc":{"start":{"line":16,"column":20},"end":{"line":18,"column":3}}},"2":{"name":"(anonymous_9)","decl":{"start":{"line":20,"column":8},"end":{"line":20,"column":14}},"loc":{"start":{"line":20,"column":22},"end":{"line":24,"column":null}}},"3":{"name":"(anonymous_11)","decl":{"start":{"line":26,"column":8},"end":{"line":26,"column":14}},"loc":{"start":{"line":26,"column":34},"end":{"line":30,"column":null}}},"4":{"name":"(anonymous_13)","decl":{"start":{"line":32,"column":8},"end":{"line":32,"column":14}},"loc":{"start":{"line":32,"column":31},"end":{"line":36,"column":null}}},"5":{"name":"(anonymous_15)","decl":{"start":{"line":37,"column":8},"end":{"line":37,"column":12}},"loc":{"start":{"line":37,"column":37},"end":{"line":40,"column":null}}},"6":{"name":"(anonymous_17)","decl":{"start":{"line":42,"column":8},"end":{"line":42,"column":16}},"loc":{"start":{"line":42,"column":27},"end":{"line":46,"column":null}}}},"branchMap":{},"s":{"0":2,"1":3,"2":3,"3":0,"4":2,"5":2,"6":0,"7":0,"8":0,"9":0,"10":3,"11":3,"12":0,"13":0,"14":2},"f":{"0":3,"1":0,"2":2,"3":0,"4":0,"5":3,"6":0},"b":{}}
,"C:\\workspace\\my-expenses-api\\src\\services\\CategoryService.ts": {"path":"C:\\workspace\\my-expenses-api\\src\\services\\CategoryService.ts","statementMap":{"0":{"start":{"line":1,"column":0},"end":{"line":1,"column":63}},"1":{"start":{"line":3,"column":0},"end":{"line":3,"column":52}},"2":{"start":{"line":4,"column":0},"end":{"line":4,"column":88}},"3":{"start":{"line":11,"column":5},"end":{"line":11,"column":66}},"4":{"start":{"line":15,"column":26},"end":{"line":15,"column":77}},"5":{"start":{"line":17,"column":4},"end":{"line":18,"column":50}},"6":{"start":{"line":18,"column":6},"end":{"line":18,"column":50}},"7":{"start":{"line":20,"column":4},"end":{"line":20,"column":91}},"8":{"start":{"line":24,"column":19},"end":{"line":24,"column":62}},"9":{"start":{"line":26,"column":4},"end":{"line":26,"column":18}},"10":{"start":{"line":30,"column":19},"end":{"line":30,"column":56}},"11":{"start":{"line":32,"column":23},"end":{"line":36,"column":6}},"12":{"start":{"line":33,"column":6},"end":{"line":34,"column":21}},"13":{"start":{"line":33,"column":41},"end":{"line":33,"column":50}},"14":{"start":{"line":34,"column":11},"end":{"line":34,"column":21}},"15":{"start":{"line":38,"column":4},"end":{"line":38,"column":73}},"16":{"start":{"line":38,"column":34},"end":{"line":38,"column":71}},"17":{"start":{"line":42,"column":4},"end":{"line":42,"column":59}},"18":{"start":{"line":7,"column":0},"end":{"line":7,"column":21}}},"fnMap":{"0":{"name":"(anonymous_8)","decl":{"start":{"line":10,"column":2},"end":{"line":10,"column":14}},"loc":{"start":{"line":10,"column":35},"end":{"line":12,"column":3}}},"1":{"name":"(anonymous_9)","decl":{"start":{"line":14,"column":8},"end":{"line":14,"column":20}},"loc":{"start":{"line":14,"column":54},"end":{"line":21,"column":null}}},"2":{"name":"(anonymous_11)","decl":{"start":{"line":23,"column":8},"end":{"line":23,"column":19}},"loc":{"start":{"line":23,"column":30},"end":{"line":27,"column":null}}},"3":{"name":"(anonymous_13)","decl":{"start":{"line":29,"column":8},"end":{"line":29,"column":21}},"loc":{"start":{"line":29,"column":21},"end":{"line":39,"column":null}}},"4":{"name":"(anonymous_15)","decl":{"start":{"line":32,"column":36},"end":{"line":32,"column":37}},"loc":{"start":{"line":32,"column":45},"end":{"line":36,"column":5}}},"5":{"name":"(anonymous_16)","decl":{"start":{"line":38,"column":22},"end":{"line":38,"column":30}},"loc":{"start":{"line":38,"column":34},"end":{"line":38,"column":71}}},"6":{"name":"(anonymous_17)","decl":{"start":{"line":41,"column":8},"end":{"line":41,"column":22}},"loc":{"start":{"line":41,"column":39},"end":{"line":43,"column":null}}}},"branchMap":{"0":{"loc":{"start":{"line":17,"column":4},"end":{"line":18,"column":50}},"type":"if","locations":[{"start":{"line":17,"column":4},"end":{"line":18,"column":50}},{"start":{"line":17,"column":4},"end":{"line":18,"column":50}}]},"1":{"loc":{"start":{"line":33,"column":6},"end":{"line":34,"column":21}},"type":"if","locations":[{"start":{"line":33,"column":6},"end":{"line":34,"column":21}},{"start":{"line":33,"column":6},"end":{"line":34,"column":21}}]}},"s":{"0":2,"1":2,"2":2,"3":3,"4":3,"5":3,"6":1,"7":2,"8":0,"9":0,"10":0,"11":0,"12":0,"13":0,"14":0,"15":0,"16":0,"17":0,"18":2},"f":{"0":3,"1":3,"2":0,"3":0,"4":0,"5":0,"6":0},"b":{"0":[1,2],"1":[0,0]}}
}
