TN:
SF:src\app\Routes\CategoryRouter.ts
FN:15,(anonymous_8)
FN:20,(anonymous_9)
FN:24,(anonymous_11)
FN:28,(anonymous_13)
FN:32,(anonymous_15)
FN:37,(anonymous_17)
FN:40,(anonymous_18)
FN:44,(anonymous_19)
FN:60,(anonymous_20)
FN:64,(anonymous_21)
FN:78,(anonymous_22)
FN:82,(anonymous_23)
FN:96,(anonymous_24)
FN:100,(anonymous_25)
FNF:14
FNH:2
FNDA:3,(anonymous_8)
FNDA:3,(anonymous_9)
FNDA:0,(anonymous_11)
FNDA:0,(anonymous_13)
FNDA:0,(anonymous_15)
FNDA:0,(anonymous_17)
FNDA:0,(anonymous_18)
FNDA:0,(anonymous_19)
FNDA:0,(anonymous_20)
FNDA:0,(anonymous_21)
FNDA:0,(anonymous_22)
FNDA:0,(anonymous_23)
FNDA:0,(anonymous_24)
FNDA:0,(anonymous_25)
DA:5,2
DA:9,2
DA:10,3
DA:16,3
DA:17,3
DA:21,3
DA:25,0
DA:29,0
DA:33,0
DA:38,0
DA:44,0
DA:45,0
DA:46,0
DA:47,0
DA:48,0
DA:50,0
DA:52,0
DA:58,0
DA:64,0
DA:65,0
DA:66,0
DA:67,0
DA:69,0
DA:71,0
DA:76,0
DA:82,0
DA:83,0
DA:84,0
DA:85,0
DA:87,0
DA:89,0
DA:94,0
DA:100,0
DA:101,0
DA:102,0
DA:104,0
DA:105,0
DA:107,0
DA:109,0
LF:39
LH:6
BRF:0
BRH:0
end_of_record
TN:
SF:src\domain\dtos\category\CategoryDTO.ts
FN:4,(anonymous_0)
FNF:1
FNH:1
FNDA:3,(anonymous_0)
DA:1,2
DA:5,3
LF:2
LH:2
BRF:0
BRH:0
end_of_record
TN:
SF:src\domain\entities\Category.ts
FN:6,(anonymous_1)
FNF:1
FNH:1
FNDA:2,(anonymous_1)
DA:1,2
DA:3,2
DA:7,2
DA:8,2
LF:4
LH:4
BRF:0
BRH:0
end_of_record
TN:
SF:src\domain\entities\EntityBase.ts
FN:6,(anonymous_0)
FNF:1
FNH:1
FNDA:2,(anonymous_0)
DA:1,2
DA:3,2
DA:4,2
DA:7,2
LF:4
LH:4
BRDA:7,0,0,2
BRDA:7,0,1,2
BRF:2
BRH:2
end_of_record
TN:
SF:src\infra\database\repositories\CategoryRepository.ts
FN:7,(anonymous_1)
FNF:1
FNH:1
FNDA:3,(anonymous_1)
DA:3,2
DA:5,2
DA:8,3
LF:3
LH:3
BRF:0
BRH:0
end_of_record
TN:
SF:src\infra\database\repositories\MongoRepository.ts
FN:12,(anonymous_7)
FN:16,(anonymous_8)
FN:20,(anonymous_9)
FN:26,(anonymous_11)
FN:32,(anonymous_13)
FN:37,(anonymous_15)
FN:42,(anonymous_17)
FNF:7
FNH:3
FNDA:3,(anonymous_7)
FNDA:0,(anonymous_8)
FNDA:2,(anonymous_9)
FNDA:0,(anonymous_11)
FNDA:0,(anonymous_13)
FNDA:3,(anonymous_15)
FNDA:0,(anonymous_17)
DA:1,2
DA:8,2
DA:13,3
DA:14,3
DA:17,0
DA:21,2
DA:23,2
DA:27,0
DA:29,0
DA:33,0
DA:35,0
DA:38,3
DA:39,3
DA:43,0
DA:45,0
LF:15
LH:8
BRF:0
BRH:0
end_of_record
TN:
SF:src\services\CategoryService.ts
FN:10,(anonymous_8)
FN:14,(anonymous_9)
FN:23,(anonymous_11)
FN:29,(anonymous_13)
FN:32,(anonymous_15)
FN:38,(anonymous_16)
FN:41,(anonymous_17)
FNF:7
FNH:2
FNDA:3,(anonymous_8)
FNDA:3,(anonymous_9)
FNDA:0,(anonymous_11)
FNDA:0,(anonymous_13)
FNDA:0,(anonymous_15)
FNDA:0,(anonymous_16)
FNDA:0,(anonymous_17)
DA:1,2
DA:3,2
DA:4,2
DA:7,2
DA:11,3
DA:15,3
DA:17,3
DA:18,1
DA:20,2
DA:24,0
DA:26,0
DA:30,0
DA:32,0
DA:33,0
DA:34,0
DA:38,0
DA:42,0
LF:17
LH:9
BRDA:17,0,0,1
BRDA:17,0,1,2
BRDA:33,1,0,0
BRDA:33,1,1,0
BRF:4
BRH:2
end_of_record
